🦚 ABVETOS Auto-Heal – tokens & deploy watcher
⚠️  VERCEL_TOKEN missing, regenerating...
⚠️  GITHUB_TOKEN missing, regenerating...
⚠️  CLOUDFLARE_API_TOKEN missing, regenerating...
⚠️  TELEGRAM_BOT_TOKEN missing, regenerating...
🧩 No deploy issues detected
🦚 ABVETOS Auto-Heal – tokens & deploy watcher
⚠️  VERCEL_TOKEN missing, regenerating...
⚠️  GITHUB_TOKEN missing, regenerating...
⚠️  CLOUDFLARE_API_TOKEN missing, regenerating...
⚠️  TELEGRAM_BOT_TOKEN missing, regenerating...
🧩 No deploy issues detected
/bin/sh: /Users/mac/TRYONYOU_MASTER/scripts/abvetos_autoheal.sh: No such file or directory
/bin/sh: /Users/mac/TRYONYOU_MASTER/scripts/abvetos_autoheal.sh: No such file or directory
/bin/sh: /Users/mac/TRYONYOU_MASTER/scripts/abvetos_autoheal.sh: No such file or directory
/bin/sh: /Users/mac/TRYONYOU_MASTER/scripts/abvetos_autoheal.sh: No such file or directory
/bin/sh: /Users/mac/TRYONYOU_MASTER/scripts/abvetos_autoheal.sh: No such file or directory
/bin/sh: /Users/mac/TRYONYOU_MASTER/scripts/abvetos_autoheal.sh: No such file or directory
/bin/sh: /Users/mac/TRYONYOU_MASTER/scripts/abvetos_autoheal.sh: No such file or directory
/bin/sh: /Users/mac/TRYONYOU_MASTER/scripts/abvetos_autoheal.sh: No such file or directory
/bin/sh: /Users/mac/TRYONYOU_MASTER/scripts/abvetos_autoheal.sh: No such file or directory
/bin/sh: /Users/mac/TRYONYOU_MASTER/scripts/abvetos_autoheal.sh: No such file or directory
/bin/sh: /Users/mac/TRYONYOU_MASTER/scripts/abvetos_autoheal.sh: No such file or directory
/bin/sh: /Users/mac/TRYONYOU_MASTER/scripts/abvetos_autoheal.sh: No such file or directory
/bin/sh: /Users/mac/TRYONYOU_MASTER/scripts/abvetos_autoheal.sh: No such file or directory
/bin/sh: /Users/mac/TRYONYOU_MASTER/scripts/abvetos_autoheal.sh: No such file or directory
/bin/sh: /Users/mac/TRYONYOU_MASTER/scripts/abvetos_autoheal.sh: No such file or directory
/bin/sh: /Users/mac/TRYONYOU_MASTER/scripts/abvetos_autoheal.sh: No such file or directory
/bin/sh: /Users/mac/TRYONYOU_MASTER/scripts/abvetos_autoheal.sh: No such file or directory
/bin/sh: /Users/mac/TRYONYOU_MASTER/scripts/abvetos_autoheal.sh: No such file or directory
/bin/sh: /Users/mac/TRYONYOU_MASTER/scripts/abvetos_autoheal.sh: No such file or directory
/bin/sh: /Users/mac/TRYONYOU_MASTER/scripts/abvetos_autoheal.sh: No such file or directory
/bin/sh: /Users/mac/TRYONYOU_MASTER/scripts/abvetos_autoheal.sh: No such file or directory
/bin/sh: /Users/mac/TRYONYOU_MASTER/scripts/abvetos_autoheal.sh: No such file or directory
/bin/sh: /Users/mac/TRYONYOU_MASTER/scripts/abvetos_autoheal.sh: No such file or directory
/bin/sh: /Users/mac/TRYONYOU_MASTER/scripts/abvetos_autoheal.sh: No such file or directory
/bin/sh: /Users/mac/TRYONYOU_MASTER/scripts/abvetos_autoheal.sh: No such file or directory
/bin/sh: /Users/mac/TRYONYOU_MASTER/scripts/abvetos_autoheal.sh: No such file or directory
/bin/sh: /Users/mac/TRYONYOU_MASTER/scripts/abvetos_autoheal.sh: No such file or directory
/bin/sh: /Users/mac/TRYONYOU_MASTER/scripts/abvetos_autoheal.sh: No such file or directory
/bin/sh: /Users/mac/TRYONYOU_MASTER/scripts/abvetos_autoheal.sh: No such file or directory
/bin/sh: /Users/mac/TRYONYOU_MASTER/scripts/abvetos_autoheal.sh: No such file or directory
/bin/sh: /Users/mac/TRYONYOU_MASTER/scripts/abvetos_autoheal.sh: No such file or directory
/bin/sh: /Users/mac/TRYONYOU_MASTER/scripts/abvetos_autoheal.sh: No such file or directory
/bin/sh: /Users/mac/TRYONYOU_MASTER/scripts/abvetos_autoheal.sh: No such file or directory
/bin/sh: /Users/mac/TRYONYOU_MASTER/scripts/abvetos_autoheal.sh: No such file or directory
/bin/sh: /Users/mac/TRYONYOU_MASTER/scripts/abvetos_autoheal.sh: No such file or directory
/bin/sh: /Users/mac/TRYONYOU_MASTER/scripts/abvetos_autoheal.sh: No such file or directory
/bin/sh: /Users/mac/TRYONYOU_MASTER/scripts/abvetos_autoheal.sh: No such file or directory
/bin/sh: /Users/mac/TRYONYOU_MASTER/scripts/abvetos_autoheal.sh: No such file or directory
/bin/sh: /Users/mac/TRYONYOU_MASTER/scripts/abvetos_autoheal.sh: No such file or directory
/bin/sh: /Users/mac/TRYONYOU_MASTER/scripts/abvetos_autoheal.sh: No such file or directory
/bin/sh: /Users/mac/TRYONYOU_MASTER/scripts/abvetos_autoheal.sh: No such file or directory
/bin/sh: /Users/mac/TRYONYOU_MASTER/scripts/abvetos_autoheal.sh: No such file or directory
/bin/sh: /Users/mac/TRYONYOU_MASTER/scripts/abvetos_autoheal.sh: No such file or directory
/bin/sh: /Users/mac/TRYONYOU_MASTER/scripts/abvetos_autoheal.sh: No such file or directory
/bin/sh: /Users/mac/TRYONYOU_MASTER/scripts/abvetos_autoheal.sh: No such file or directory
/bin/sh: /Users/mac/TRYONYOU_MASTER/scripts/abvetos_autoheal.sh: No such file or directory
/bin/sh: /Users/mac/TRYONYOU_MASTER/scripts/abvetos_autoheal.sh: No such file or directory
/bin/sh: /Users/mac/TRYONYOU_MASTER/scripts/abvetos_autoheal.sh: No such file or directory
